Warning[205] C:\USERS\ENGEN\DOCUMENTS\1. IAGO\2. PROGRAMADOR\MICROPROCESSADORES\TIMER0.X\INTERUPTION.ASM 7 : Found directive in column 1. (org)
Warning[203] C:\USERS\ENGEN\DOCUMENTS\1. IAGO\2. PROGRAMADOR\MICROPROCESSADORES\TIMER0.X\INTERUPTION.ASM 8 : Found opcode in column 1. (goto)
Warning[205] C:\USERS\ENGEN\DOCUMENTS\1. IAGO\2. PROGRAMADOR\MICROPROCESSADORES\TIMER0.X\INTERUPTION.ASM 13 : Found directive in column 1. (org)
Warning[203] C:\USERS\ENGEN\DOCUMENTS\1. IAGO\2. PROGRAMADOR\MICROPROCESSADORES\TIMER0.X\INTERUPTION.ASM 14 : Found opcode in column 1. (BCF)
Warning[203] C:\USERS\ENGEN\DOCUMENTS\1. IAGO\2. PROGRAMADOR\MICROPROCESSADORES\TIMER0.X\INTERUPTION.ASM 15 : Found opcode in column 1. (DECFSZ)
Warning[203] C:\USERS\ENGEN\DOCUMENTS\1. IAGO\2. PROGRAMADOR\MICROPROCESSADORES\TIMER0.X\INTERUPTION.ASM 16 : Found opcode in column 1. (RETFIE)
Warning[203] C:\USERS\ENGEN\DOCUMENTS\1. IAGO\2. PROGRAMADOR\MICROPROCESSADORES\TIMER0.X\INTERUPTION.ASM 17 : Found opcode in column 1. (BTFSS)
Warning[203] C:\USERS\ENGEN\DOCUMENTS\1. IAGO\2. PROGRAMADOR\MICROPROCESSADORES\TIMER0.X\INTERUPTION.ASM 22 : Found opcode in column 1. (MOVWF)
Warning[203] C:\USERS\ENGEN\DOCUMENTS\1. IAGO\2. PROGRAMADOR\MICROPROCESSADORES\TIMER0.X\INTERUPTION.ASM 23 : Found opcode in column 1. (MOVWF)
Warning[203] C:\USERS\ENGEN\DOCUMENTS\1. IAGO\2. PROGRAMADOR\MICROPROCESSADORES\TIMER0.X\INTERUPTION.ASM 24 : Found opcode in column 1. (MOVLW)
Warning[203] C:\USERS\ENGEN\DOCUMENTS\1. IAGO\2. PROGRAMADOR\MICROPROCESSADORES\TIMER0.X\INTERUPTION.ASM 25 : Found opcode in column 1. (XORWF)
Warning[203] C:\USERS\ENGEN\DOCUMENTS\1. IAGO\2. PROGRAMADOR\MICROPROCESSADORES\TIMER0.X\INTERUPTION.ASM 26 : Found opcode in column 1. (RETFIE)
Warning[203] C:\USERS\ENGEN\DOCUMENTS\1. IAGO\2. PROGRAMADOR\MICROPROCESSADORES\TIMER0.X\INTERUPTION.ASM 28 : Found opcode in column 1. (MOVWF)
Warning[203] C:\USERS\ENGEN\DOCUMENTS\1. IAGO\2. PROGRAMADOR\MICROPROCESSADORES\TIMER0.X\INTERUPTION.ASM 29 : Found opcode in column 1. (MOVWF)
Warning[203] C:\USERS\ENGEN\DOCUMENTS\1. IAGO\2. PROGRAMADOR\MICROPROCESSADORES\TIMER0.X\INTERUPTION.ASM 30 : Found opcode in column 1. (MOVLW)
Warning[203] C:\USERS\ENGEN\DOCUMENTS\1. IAGO\2. PROGRAMADOR\MICROPROCESSADORES\TIMER0.X\INTERUPTION.ASM 31 : Found opcode in column 1. (XORWF)
Warning[203] C:\USERS\ENGEN\DOCUMENTS\1. IAGO\2. PROGRAMADOR\MICROPROCESSADORES\TIMER0.X\INTERUPTION.ASM 32 : Found opcode in column 1. (RETFIE)
Warning[205] C:\USERS\ENGEN\DOCUMENTS\1. IAGO\2. PROGRAMADOR\MICROPROCESSADORES\TIMER0.X\INTERUPTION.ASM 35 : Found directive in column 1. (banksel)
Warning[205] C:\USERS\ENGEN\DOCUMENTS\1. IAGO\2. PROGRAMADOR\MICROPROCESSADORES\TIMER0.X\INTERUPTION.ASM 38 : Found directive in column 1. (banksel)
Message[302] C:\USERS\ENGEN\DOCUMENTS\1. IAGO\2. PROGRAMADOR\MICROPROCESSADORES\TIMER0.X\INTERUPTION.ASM 40 : Register in operand not in bank 0.  Ensure that bank bits are correct.
Message[302] C:\USERS\ENGEN\DOCUMENTS\1. IAGO\2. PROGRAMADOR\MICROPROCESSADORES\TIMER0.X\INTERUPTION.ASM 42 : Register in operand not in bank 0.  Ensure that bank bits are correct.
Warning[205] C:\USERS\ENGEN\DOCUMENTS\1. IAGO\2. PROGRAMADOR\MICROPROCESSADORES\TIMER0.X\INTERUPTION.ASM 50 : Found directive in column 1. (end)
