Warning[205] C:\USERS\ENGEN\DOCUMENTS\1. IAGO\2. PROGRAMADOR\MICROPROCESSADORES\PROJ4.X\PRATICA4.ASM 2 : Found directive in column 1. (org)
Warning[203] C:\USERS\ENGEN\DOCUMENTS\1. IAGO\2. PROGRAMADOR\MICROPROCESSADORES\PROJ4.X\PRATICA4.ASM 3 : Found opcode in column 1. (goto)
Warning[205] C:\USERS\ENGEN\DOCUMENTS\1. IAGO\2. PROGRAMADOR\MICROPROCESSADORES\PROJ4.X\PRATICA4.ASM 4 : Found directive in column 1. (org)
Warning[203] C:\USERS\ENGEN\DOCUMENTS\1. IAGO\2. PROGRAMADOR\MICROPROCESSADORES\PROJ4.X\PRATICA4.ASM 5 : Found opcode in column 1. (retfie)
Warning[205] C:\USERS\ENGEN\DOCUMENTS\1. IAGO\2. PROGRAMADOR\MICROPROCESSADORES\PROJ4.X\PRATICA4.ASM 8 : Found directive in column 1. (banksel)
Warning[203] C:\USERS\ENGEN\DOCUMENTS\1. IAGO\2. PROGRAMADOR\MICROPROCESSADORES\PROJ4.X\PRATICA4.ASM 9 : Found opcode in column 1. (movlw)
Warning[203] C:\USERS\ENGEN\DOCUMENTS\1. IAGO\2. PROGRAMADOR\MICROPROCESSADORES\PROJ4.X\PRATICA4.ASM 10 : Found opcode in column 1. (movwf)
Message[302] C:\USERS\ENGEN\DOCUMENTS\1. IAGO\2. PROGRAMADOR\MICROPROCESSADORES\PROJ4.X\PRATICA4.ASM 10 : Register in operand not in bank 0.  Ensure that bank bits are correct.
Warning[203] C:\USERS\ENGEN\DOCUMENTS\1. IAGO\2. PROGRAMADOR\MICROPROCESSADORES\PROJ4.X\PRATICA4.ASM 11 : Found opcode in column 1. (movlw)
Warning[203] C:\USERS\ENGEN\DOCUMENTS\1. IAGO\2. PROGRAMADOR\MICROPROCESSADORES\PROJ4.X\PRATICA4.ASM 12 : Found opcode in column 1. (movwf)
Message[302] C:\USERS\ENGEN\DOCUMENTS\1. IAGO\2. PROGRAMADOR\MICROPROCESSADORES\PROJ4.X\PRATICA4.ASM 12 : Register in operand not in bank 0.  Ensure that bank bits are correct.
Warning[205] C:\USERS\ENGEN\DOCUMENTS\1. IAGO\2. PROGRAMADOR\MICROPROCESSADORES\PROJ4.X\PRATICA4.ASM 13 : Found directive in column 1. (banksel)
Warning[203] C:\USERS\ENGEN\DOCUMENTS\1. IAGO\2. PROGRAMADOR\MICROPROCESSADORES\PROJ4.X\PRATICA4.ASM 14 : Found opcode in column 1. (movlw)
Warning[203] C:\USERS\ENGEN\DOCUMENTS\1. IAGO\2. PROGRAMADOR\MICROPROCESSADORES\PROJ4.X\PRATICA4.ASM 15 : Found opcode in column 1. (movwf)
Warning[203] C:\USERS\ENGEN\DOCUMENTS\1. IAGO\2. PROGRAMADOR\MICROPROCESSADORES\PROJ4.X\PRATICA4.ASM 17 : Found opcode in column 1. (bcf)
Warning[203] C:\USERS\ENGEN\DOCUMENTS\1. IAGO\2. PROGRAMADOR\MICROPROCESSADORES\PROJ4.X\PRATICA4.ASM 18 : Found opcode in column 1. (bcf)
Warning[203] C:\USERS\ENGEN\DOCUMENTS\1. IAGO\2. PROGRAMADOR\MICROPROCESSADORES\PROJ4.X\PRATICA4.ASM 21 : Found opcode in column 1. (btfss)
Warning[203] C:\USERS\ENGEN\DOCUMENTS\1. IAGO\2. PROGRAMADOR\MICROPROCESSADORES\PROJ4.X\PRATICA4.ASM 22 : Found opcode in column 1. (goto)
Warning[203] C:\USERS\ENGEN\DOCUMENTS\1. IAGO\2. PROGRAMADOR\MICROPROCESSADORES\PROJ4.X\PRATICA4.ASM 23 : Found opcode in column 1. (goto)
Warning[203] C:\USERS\ENGEN\DOCUMENTS\1. IAGO\2. PROGRAMADOR\MICROPROCESSADORES\PROJ4.X\PRATICA4.ASM 28 : Found opcode in column 1. (btfss)
Warning[203] C:\USERS\ENGEN\DOCUMENTS\1. IAGO\2. PROGRAMADOR\MICROPROCESSADORES\PROJ4.X\PRATICA4.ASM 29 : Found opcode in column 1. (goto)
Warning[203] C:\USERS\ENGEN\DOCUMENTS\1. IAGO\2. PROGRAMADOR\MICROPROCESSADORES\PROJ4.X\PRATICA4.ASM 30 : Found opcode in column 1. (goto)
Warning[203] C:\USERS\ENGEN\DOCUMENTS\1. IAGO\2. PROGRAMADOR\MICROPROCESSADORES\PROJ4.X\PRATICA4.ASM 33 : Found opcode in column 1. (btfss)
Warning[203] C:\USERS\ENGEN\DOCUMENTS\1. IAGO\2. PROGRAMADOR\MICROPROCESSADORES\PROJ4.X\PRATICA4.ASM 34 : Found opcode in column 1. (goto)
Warning[203] C:\USERS\ENGEN\DOCUMENTS\1. IAGO\2. PROGRAMADOR\MICROPROCESSADORES\PROJ4.X\PRATICA4.ASM 35 : Found opcode in column 1. (goto)
Warning[203] C:\USERS\ENGEN\DOCUMENTS\1. IAGO\2. PROGRAMADOR\MICROPROCESSADORES\PROJ4.X\PRATICA4.ASM 38 : Found opcode in column 1. (movlw)
Warning[203] C:\USERS\ENGEN\DOCUMENTS\1. IAGO\2. PROGRAMADOR\MICROPROCESSADORES\PROJ4.X\PRATICA4.ASM 39 : Found opcode in column 1. (movWF)
Message[302] C:\USERS\ENGEN\DOCUMENTS\1. IAGO\2. PROGRAMADOR\MICROPROCESSADORES\PROJ4.X\PRATICA4.ASM 39 : Register in operand not in bank 0.  Ensure that bank bits are correct.
Warning[203] C:\USERS\ENGEN\DOCUMENTS\1. IAGO\2. PROGRAMADOR\MICROPROCESSADORES\PROJ4.X\PRATICA4.ASM 40 : Found opcode in column 1. (goto)
Warning[203] C:\USERS\ENGEN\DOCUMENTS\1. IAGO\2. PROGRAMADOR\MICROPROCESSADORES\PROJ4.X\PRATICA4.ASM 43 : Found opcode in column 1. (movlw)
Warning[203] C:\USERS\ENGEN\DOCUMENTS\1. IAGO\2. PROGRAMADOR\MICROPROCESSADORES\PROJ4.X\PRATICA4.ASM 44 : Found opcode in column 1. (movwf)
Message[302] C:\USERS\ENGEN\DOCUMENTS\1. IAGO\2. PROGRAMADOR\MICROPROCESSADORES\PROJ4.X\PRATICA4.ASM 44 : Register in operand not in bank 0.  Ensure that bank bits are correct.
Warning[203] C:\USERS\ENGEN\DOCUMENTS\1. IAGO\2. PROGRAMADOR\MICROPROCESSADORES\PROJ4.X\PRATICA4.ASM 45 : Found opcode in column 1. (GOTO)
Warning[203] C:\USERS\ENGEN\DOCUMENTS\1. IAGO\2. PROGRAMADOR\MICROPROCESSADORES\PROJ4.X\PRATICA4.ASM 48 : Found opcode in column 1. (movlw)
Warning[203] C:\USERS\ENGEN\DOCUMENTS\1. IAGO\2. PROGRAMADOR\MICROPROCESSADORES\PROJ4.X\PRATICA4.ASM 49 : Found opcode in column 1. (movwf)
Message[302] C:\USERS\ENGEN\DOCUMENTS\1. IAGO\2. PROGRAMADOR\MICROPROCESSADORES\PROJ4.X\PRATICA4.ASM 49 : Register in operand not in bank 0.  Ensure that bank bits are correct.
Warning[203] C:\USERS\ENGEN\DOCUMENTS\1. IAGO\2. PROGRAMADOR\MICROPROCESSADORES\PROJ4.X\PRATICA4.ASM 50 : Found opcode in column 1. (GOTO)
Warning[203] C:\USERS\ENGEN\DOCUMENTS\1. IAGO\2. PROGRAMADOR\MICROPROCESSADORES\PROJ4.X\PRATICA4.ASM 53 : Found opcode in column 1. (movlw)
Warning[203] C:\USERS\ENGEN\DOCUMENTS\1. IAGO\2. PROGRAMADOR\MICROPROCESSADORES\PROJ4.X\PRATICA4.ASM 54 : Found opcode in column 1. (movwf)
Message[302] C:\USERS\ENGEN\DOCUMENTS\1. IAGO\2. PROGRAMADOR\MICROPROCESSADORES\PROJ4.X\PRATICA4.ASM 54 : Register in operand not in bank 0.  Ensure that bank bits are correct.
Warning[203] C:\USERS\ENGEN\DOCUMENTS\1. IAGO\2. PROGRAMADOR\MICROPROCESSADORES\PROJ4.X\PRATICA4.ASM 55 : Found opcode in column 1. (GOTO)
Warning[205] C:\USERS\ENGEN\DOCUMENTS\1. IAGO\2. PROGRAMADOR\MICROPROCESSADORES\PROJ4.X\PRATICA4.ASM 57 : Found directive in column 1. (end)
