MPASM 5.77                           EX1.ASM   9-24-2023  11:39:50         PAGE  1


LOC  OBJECT CODE     LINE SOURCE TEXT
  VALUE

                      00001 #include<p16f628a.inc>
                      00001         LIST
                      00002 
                      00003 ;==========================================================================
                      00004 ; Build date : Nov 22 2017
                      00005 ;  MPASM PIC16F628A processor include
                      00006 ; 
                      00007 ;  (c) Copyright 1999-2017 Microchip Technology, All rights reserved
                      00008 ;==========================================================================
                      00009 
                      00386         LIST
Warning[205]: Found directive in column 1. (ORG)
                      00002 ORG 0X00
Warning[203]: Found opcode in column 1. (GOTO)
0000   2???           00003 GOTO START
Warning[205]: Found directive in column 1. (ORG)
                      00004 ORG 0X04
Warning[203]: Found opcode in column 1. (RETFIE)
0004   0009           00005 RETFIE
                      00006 
                      00007     
  00000070            00008 TEMP0 EQU 0X70
  0000006F            00009 TEMP1 EQU 0X6F
  00000021            00010 TEMP2 EQU 0X21
                      00011 
0005                  00012 START
Warning[205]: Found directive in column 1. (BANKSEL)
0005   1683 1303      00013 BANKSEL TRISA   ; CONFIGURO OS PINOS DO PORTA A COMO OUT
Warning[203]: Found opcode in column 1. (MOVLW)
0007   3000           00014 MOVLW 0X00
Warning[203]: Found opcode in column 1. (MOVWF)
Message[302]: Register in operand not in bank 0.  Ensure that bank bits are correct.
0008   0085           00015 MOVWF TRISA
Warning[205]: Found directive in column 1. (BANKSEL)
0009   1283 1303      00016 BANKSEL CMCON   ; DESABITLITO O ´MÓDULO COMPARADOR
Warning[203]: Found opcode in column 1. (MOVLW)
000B   3007           00017 MOVLW 0X07
Warning[203]: Found opcode in column 1. (MOVWF)
000C   009F           00018 MOVWF CMCON
Warning[205]: Found directive in column 1. (BANKSEL)
000D   1283 1303      00019 BANKSEL PORTA
Warning[203]: Found opcode in column 1. (MOVLW)
000F   30FF           00020 MOVLW 0XFF      ; CONFIGURO OS PINOS DA PORTA A PARA SAÍDA DE 5V NO INÍCIO
Warning[203]: Found opcode in column 1. (MOVWF)
0010   0085           00021 MOVWF PORTA
Warning[203]: Found opcode in column 1. (GOTO)
0011   2???           00022 GOTO MAIN
                      00023  
                      00024 
0012                  00025 MAIN
Warning[205]: Found directive in column 1. (BANKSEL)
0012   1683 1303      00026 BANKSEL TRISA
Warning[203]: Found opcode in column 1. (BCF)
MPASM 5.77                           EX1.ASM   9-24-2023  11:39:50         PAGE  2


LOC  OBJECT CODE     LINE SOURCE TEXT
  VALUE

Message[302]: Register in operand not in bank 0.  Ensure that bank bits are correct.
0014   1005           00027 BCF TRISA,0
Warning[203]: Found opcode in column 1. (MOVLW)
0015   30FF           00028 MOVLW 0XFF ;
Warning[203]: Found opcode in column 1. (CALL)
0016   2???           00029 CALL DELAY
Warning[203]: Found opcode in column 1. (BSF)
Message[302]: Register in operand not in bank 0.  Ensure that bank bits are correct.
0017   1405           00030 BSF TRISA,0
Warning[203]: Found opcode in column 1. (MOVLW)
0018   30FF           00031 MOVLW 0XFF
Warning[203]: Found opcode in column 1. (CALL)
0019   2???           00032 CALL DELAY
Warning[203]: Found opcode in column 1. (GOTO)
001A   2???           00033 GOTO MAIN
                      00034 
                      00035 
001B                  00036 DELAY
001B   300A           00037     MOVLW 0x0A   ; Carrega o valor 10 (0x0A) em TEMP0
001C   00F0           00038     MOVWF TEMP0
                      00039 
001D                  00040 DELAY_LOOP0
001D   30FF           00041     MOVLW 0xFF   ; Carrega o valor 255 (0xFF) em TEMP1
001E   00EF           00042     MOVWF TEMP1
                      00043 
001F                  00044 DELAY_LOOP1
001F   304D           00045     MOVLW 0x4D   ; Carrega o valor 77 (0x4D) em TEMP2
0020   00A1           00046     MOVWF TEMP2
                      00047 
0021                  00048 DELAY_LOOP2
0021   0BA1           00049     DECFSZ TEMP2, F   ; Decrementa TEMP2 e verifica se é zero
0022   2???           00050     GOTO DELAY_LOOP2
                      00051 
0023   0BEF           00052     DECFSZ TEMP1, F   ; Decrementa TEMP1 e verifica se é zero
0024   2???           00053     GOTO DELAY_LOOP1
                      00054 
0025   0BF0           00055     DECFSZ TEMP0, F   ; Decrementa TEMP0 e verifica se é zero
0026   2???           00056     GOTO DELAY_LOOP0
                      00057 
0027   0008           00058     RETURN
                      00059  
                      00060  
                      00061 
Warning[205]: Found directive in column 1. (END)
                      00062 END
MPASM 5.77                           EX1.ASM   9-24-2023  11:39:50         PAGE  3


SYMBOL TABLE
  LABEL                             VALUE 

ADDEN                             00000003
ADEN                              00000003
BRGH                              00000002
C                                 00000000
C1INV                             00000004
C1OUT                             00000006
C2INV                             00000005
C2OUT                             00000007
CCP1CON                           00000017
CCP1IE                            00000002
CCP1IF                            00000002
CCP1M0                            00000000
CCP1M1                            00000001
CCP1M2                            00000002
CCP1M3                            00000003
CCP1X                             00000005
CCP1Y                             00000004
CCPR1                             00000015
CCPR1H                            00000016
CCPR1L                            00000015
CIS                               00000003
CM0                               00000000
CM1                               00000001
CM2                               00000002
CMCON                             0000001F
CMIE                              00000006
CMIF                              00000006
CREN                              00000004
CSRC                              00000007
DATA_CP_OFF                       00003FFF
DATA_CP_ON                        00003EFF
DC                                00000001
DELAY                             0000001B
DELAY_LOOP0                       0000001D
DELAY_LOOP1                       0000001F
DELAY_LOOP2                       00000021
EEADR                             0000009B
EECON1                            0000009C
EECON2                            0000009D
EEDATA                            0000009A
EEIE                              00000007
EEIF                              00000007
F                                 00000001
FERR                              00000002
FSR                               00000004
GIE                               00000007
INDF                              00000000
INTCON                            0000000B
INTE                              00000004
INTEDG                            00000006
INTF                              00000001
IRP                               00000007
MAIN                              00000012
MPASM 5.77                           EX1.ASM   9-24-2023  11:39:50         PAGE  4


SYMBOL TABLE
  LABEL                             VALUE 

NOT_BO                            00000000
NOT_BOD                           00000000
NOT_BOR                           00000000
NOT_PD                            00000003
NOT_POR                           00000001
NOT_RBPU                          00000007
NOT_T1SYNC                        00000002
NOT_TO                            00000004
OERR                              00000001
OPTION_REG                        00000081
OSCF                              00000003
PCL                               00000002
PCLATH                            0000000A
PCON                              0000008E
PEIE                              00000006
PIE1                              0000008C
PIR1                              0000000C
PORTA                             00000005
PORTB                             00000006
PR2                               00000092
PS0                               00000000
PS1                               00000001
PS2                               00000002
PSA                               00000003
RA0                               00000000
RA1                               00000001
RA2                               00000002
RA3                               00000003
RA4                               00000004
RA5                               00000005
RA6                               00000006
RA7                               00000007
RB0                               00000000
RB1                               00000001
RB2                               00000002
RB3                               00000003
RB4                               00000004
RB5                               00000005
RB6                               00000006
RB7                               00000007
RBIE                              00000003
RBIF                              00000000
RCIE                              00000005
RCIF                              00000005
RCREG                             0000001A
RCSTA                             00000018
RD                                00000000
RP0                               00000005
RP1                               00000006
RX9                               00000006
RX9D                              00000000
SPBRG                             00000099
SPEN                              00000007
MPASM 5.77                           EX1.ASM   9-24-2023  11:39:50         PAGE  5


SYMBOL TABLE
  LABEL                             VALUE 

SREN                              00000005
START                             00000005
STATUS                            00000003
SYNC                              00000004
T0CS                              00000005
T0IE                              00000005
T0IF                              00000002
T0SE                              00000004
T1CKPS0                           00000004
T1CKPS1                           00000005
T1CON                             00000010
T1OSCEN                           00000003
T2CKPS0                           00000000
T2CKPS1                           00000001
T2CON                             00000012
TEMP0                             00000070
TEMP1                             0000006F
TEMP2                             00000021
TMR0                              00000001
TMR0IE                            00000005
TMR0IF                            00000002
TMR1                              0000000E
TMR1CS                            00000001
TMR1H                             0000000F
TMR1IE                            00000000
TMR1IF                            00000000
TMR1L                             0000000E
TMR1ON                            00000000
TMR2                              00000011
TMR2IE                            00000001
TMR2IF                            00000001
TMR2ON                            00000002
TOUTPS0                           00000003
TOUTPS1                           00000004
TOUTPS2                           00000005
TOUTPS3                           00000006
TRISA                             00000085
TRISA0                            00000000
TRISA1                            00000001
TRISA2                            00000002
TRISA3                            00000003
TRISA4                            00000004
TRISA5                            00000005
TRISA6                            00000006
TRISA7                            00000007
TRISB                             00000086
TRISB0                            00000000
TRISB1                            00000001
TRISB2                            00000002
TRISB3                            00000003
TRISB4                            00000004
TRISB5                            00000005
TRISB6                            00000006
MPASM 5.77                           EX1.ASM   9-24-2023  11:39:50         PAGE  6


SYMBOL TABLE
  LABEL                             VALUE 

TRISB7                            00000007
TRMT                              00000001
TX9                               00000006
TX9D                              00000000
TXEN                              00000005
TXIE                              00000004
TXIF                              00000004
TXREG                             00000019
TXSTA                             00000098
VR0                               00000000
VR1                               00000001
VR2                               00000002
VR3                               00000003
VRCON                             0000009F
VREN                              00000007
VROE                              00000006
VRR                               00000005
W                                 00000000
WR                                00000001
WREN                              00000002
WRERR                             00000003
Z                                 00000002
_BODEN_OFF                        00003FBF
_BODEN_ON                         00003FFF
_BOREN_OFF                        00003FBF
_BOREN_ON                         00003FFF
_CONFIG                           00002007
_CPD_OFF                          00003FFF
_CPD_ON                           00003EFF
_CP_OFF                           00003FFF
_CP_ON                            00001FFF
_DEVID1                           00002006
_ER_OSC_CLKOUT                    00003FFF
_ER_OSC_NOCLKOUT                  00003FFE
_EXTCLK_OSC                       00003FEF
_FOSC_ECIO                        00003FEF
_FOSC_EXTRCCLK                    00003FFF
_FOSC_EXTRCIO                     00003FFE
_FOSC_HS                          00003FEE
_FOSC_INTOSCCLK                   00003FFD
_FOSC_INTOSCIO                    00003FFC
_FOSC_LP                          00003FEC
_FOSC_XT                          00003FED
_HS_OSC                           00003FEE
_IDLOC0                           00002000
_IDLOC1                           00002001
_IDLOC2                           00002002
_IDLOC3                           00002003
_INTOSC_OSC_CLKOUT                00003FFD
_INTOSC_OSC_NOCLKOUT              00003FFC
_INTRC_OSC_CLKOUT                 00003FFD
_INTRC_OSC_NOCLKOUT               00003FFC
_LP_OSC                           00003FEC
MPASM 5.77                           EX1.ASM   9-24-2023  11:39:50         PAGE  7


SYMBOL TABLE
  LABEL                             VALUE 

_LVP_OFF                          00003F7F
_LVP_ON                           00003FFF
_MCLRE_OFF                        00003FDF
_MCLRE_ON                         00003FFF
_PWRTE_OFF                        00003FFF
_PWRTE_ON                         00003FF7
_RC_OSC_CLKOUT                    00003FFF
_RC_OSC_NOCLKOUT                  00003FFE
_WDTE_OFF                         00003FFB
_WDTE_ON                          00003FFF
_WDT_OFF                          00003FFB
_WDT_ON                           00003FFF
_XT_OSC                           00003FED
__16F628A                         00000001

Errors   :     0
Warnings :    23 reported,     0 suppressed
Messages :     3 reported,     0 suppressed

