Warning[205] C:\USERS\ENGEN\DOCUMENTS\1. IAGO\2. PROGRAMADOR\MICROPROCESSADORES\PRATICA2.X\EX1.ASM 2 : Found directive in column 1. (ORG)
Warning[203] C:\USERS\ENGEN\DOCUMENTS\1. IAGO\2. PROGRAMADOR\MICROPROCESSADORES\PRATICA2.X\EX1.ASM 3 : Found opcode in column 1. (GOTO)
Warning[205] C:\USERS\ENGEN\DOCUMENTS\1. IAGO\2. PROGRAMADOR\MICROPROCESSADORES\PRATICA2.X\EX1.ASM 4 : Found directive in column 1. (ORG)
Warning[203] C:\USERS\ENGEN\DOCUMENTS\1. IAGO\2. PROGRAMADOR\MICROPROCESSADORES\PRATICA2.X\EX1.ASM 5 : Found opcode in column 1. (RETFIE)
Warning[205] C:\USERS\ENGEN\DOCUMENTS\1. IAGO\2. PROGRAMADOR\MICROPROCESSADORES\PRATICA2.X\EX1.ASM 13 : Found directive in column 1. (BANKSEL)
Warning[203] C:\USERS\ENGEN\DOCUMENTS\1. IAGO\2. PROGRAMADOR\MICROPROCESSADORES\PRATICA2.X\EX1.ASM 14 : Found opcode in column 1. (MOVLW)
Warning[203] C:\USERS\ENGEN\DOCUMENTS\1. IAGO\2. PROGRAMADOR\MICROPROCESSADORES\PRATICA2.X\EX1.ASM 15 : Found opcode in column 1. (MOVWF)
Message[302] C:\USERS\ENGEN\DOCUMENTS\1. IAGO\2. PROGRAMADOR\MICROPROCESSADORES\PRATICA2.X\EX1.ASM 15 : Register in operand not in bank 0.  Ensure that bank bits are correct.
Warning[205] C:\USERS\ENGEN\DOCUMENTS\1. IAGO\2. PROGRAMADOR\MICROPROCESSADORES\PRATICA2.X\EX1.ASM 16 : Found directive in column 1. (BANKSEL)
Warning[203] C:\USERS\ENGEN\DOCUMENTS\1. IAGO\2. PROGRAMADOR\MICROPROCESSADORES\PRATICA2.X\EX1.ASM 17 : Found opcode in column 1. (MOVLW)
Warning[203] C:\USERS\ENGEN\DOCUMENTS\1. IAGO\2. PROGRAMADOR\MICROPROCESSADORES\PRATICA2.X\EX1.ASM 18 : Found opcode in column 1. (MOVWF)
Warning[205] C:\USERS\ENGEN\DOCUMENTS\1. IAGO\2. PROGRAMADOR\MICROPROCESSADORES\PRATICA2.X\EX1.ASM 19 : Found directive in column 1. (BANKSEL)
Warning[203] C:\USERS\ENGEN\DOCUMENTS\1. IAGO\2. PROGRAMADOR\MICROPROCESSADORES\PRATICA2.X\EX1.ASM 20 : Found opcode in column 1. (MOVLW)
Warning[203] C:\USERS\ENGEN\DOCUMENTS\1. IAGO\2. PROGRAMADOR\MICROPROCESSADORES\PRATICA2.X\EX1.ASM 21 : Found opcode in column 1. (MOVWF)
Warning[203] C:\USERS\ENGEN\DOCUMENTS\1. IAGO\2. PROGRAMADOR\MICROPROCESSADORES\PRATICA2.X\EX1.ASM 22 : Found opcode in column 1. (GOTO)
Warning[205] C:\USERS\ENGEN\DOCUMENTS\1. IAGO\2. PROGRAMADOR\MICROPROCESSADORES\PRATICA2.X\EX1.ASM 26 : Found directive in column 1. (BANKSEL)
Warning[203] C:\USERS\ENGEN\DOCUMENTS\1. IAGO\2. PROGRAMADOR\MICROPROCESSADORES\PRATICA2.X\EX1.ASM 27 : Found opcode in column 1. (BCF)
Message[302] C:\USERS\ENGEN\DOCUMENTS\1. IAGO\2. PROGRAMADOR\MICROPROCESSADORES\PRATICA2.X\EX1.ASM 27 : Register in operand not in bank 0.  Ensure that bank bits are correct.
Warning[203] C:\USERS\ENGEN\DOCUMENTS\1. IAGO\2. PROGRAMADOR\MICROPROCESSADORES\PRATICA2.X\EX1.ASM 28 : Found opcode in column 1. (MOVLW)
Warning[203] C:\USERS\ENGEN\DOCUMENTS\1. IAGO\2. PROGRAMADOR\MICROPROCESSADORES\PRATICA2.X\EX1.ASM 29 : Found opcode in column 1. (CALL)
Warning[203] C:\USERS\ENGEN\DOCUMENTS\1. IAGO\2. PROGRAMADOR\MICROPROCESSADORES\PRATICA2.X\EX1.ASM 30 : Found opcode in column 1. (BSF)
Message[302] C:\USERS\ENGEN\DOCUMENTS\1. IAGO\2. PROGRAMADOR\MICROPROCESSADORES\PRATICA2.X\EX1.ASM 30 : Register in operand not in bank 0.  Ensure that bank bits are correct.
Warning[203] C:\USERS\ENGEN\DOCUMENTS\1. IAGO\2. PROGRAMADOR\MICROPROCESSADORES\PRATICA2.X\EX1.ASM 31 : Found opcode in column 1. (MOVLW)
Warning[203] C:\USERS\ENGEN\DOCUMENTS\1. IAGO\2. PROGRAMADOR\MICROPROCESSADORES\PRATICA2.X\EX1.ASM 32 : Found opcode in column 1. (CALL)
Warning[203] C:\USERS\ENGEN\DOCUMENTS\1. IAGO\2. PROGRAMADOR\MICROPROCESSADORES\PRATICA2.X\EX1.ASM 33 : Found opcode in column 1. (GOTO)
Warning[205] C:\USERS\ENGEN\DOCUMENTS\1. IAGO\2. PROGRAMADOR\MICROPROCESSADORES\PRATICA2.X\EX1.ASM 62 : Found directive in column 1. (END)
