MPASM 5.77                    SEMAFAROEX.ASM   10-2-2023  22:48:51         PAGE  1


LOC  OBJECT CODE     LINE SOURCE TEXT
  VALUE

                      00001 ;CRIAR UM SEMÁFARO 
                      00002 ;RED = 3SEG     YELLOW=1SEG    GREEN = 2SEG
                      00003 ;FOSC = 4MHZ
                      00004 ;UTILIZE A INTERRUPÇÃO DO TIMER1
                      00005     #INCLUDE<P16F628A.INC>
                      00001         LIST
                      00002 
                      00003 ;==========================================================================
                      00004 ; Build date : Nov 22 2017
                      00005 ;  MPASM PIC16F628A processor include
                      00006 ; 
                      00007 ;  (c) Copyright 1999-2017 Microchip Technology, All rights reserved
                      00008 ;==========================================================================
                      00009 
                      00386         LIST
                      00006     ORG 0X00
                      00007     
                      00008     
0000   2???           00009     GOTO START
                      00010     ORG 0X04
0004   1283 1303      00011     BANKSEL PIR1
0006   100C           00012     BCF     PIR1,0
0007   0BA1           00013     DECFSZ  TEMP1,F
0008   0009           00014     RETFIE
0009   1283 1303      00015     BANKSEL PORTB
000B   30FF           00016     MOVLW   0XFF            ;DESLIGA TODOS OS LEDS
000C   0686           00017     XORWF   PORTB,F
                      00018     ;LÓGICA PARA MUDAR O LEDS
000D   0D86           00019     RLF PORTB,F
                      00020     ;LÓGICA PARA MUDAR OS TEMPORIZADORES
000E   0AA0           00021     INCF        TEMPO,F
000F   0820           00022     MOVF        TEMPO,W
0010   0221           00023     SUBWF       TEMP1,W
0011   1D03           00024     BTFSS       STATUS,Z
0012   3022           00025     MOVLW       TEMP2
0013   00A0           00026     MOVWF       TEMPO
0014   0220           00027     SUBWF       TEMPO,W
0015   1D03           00028     BTFSS       STATUS,Z
0016   3023           00029     MOVLW       TEMP3
0017   00A0           00030     MOVWF       TEMPO
0018   0009           00031     RETFIE
                      00032     
                      00033     
Warning[207]: Found label after column 1. (TEMPO)
  00000020            00034     TEMPO EQU 0X20
Warning[207]: Found label after column 1. (TEMP1)
  00000021            00035     TEMP1 EQU 0X21
Warning[207]: Found label after column 1. (TEMP2)
  00000022            00036     TEMP2 EQU 0X22
Warning[207]: Found label after column 1. (TEMP3)
  00000023            00037     TEMP3 EQU 0X23
                      00038     
                      00039     
MPASM 5.77                    SEMAFAROEX.ASM   10-2-2023  22:48:51         PAGE  2


LOC  OBJECT CODE     LINE SOURCE TEXT
  VALUE

Warning[207]: Found label after column 1. (START)
0019                  00040     START
                      00041     ;CONFIGURAR O PINOUT
0019   1283 1303      00042     BANKSEL     PORTB
001B   3010           00043     MOVLW       B'00010000'
001C   0086           00044     MOVWF       PORTB
001D   1683 1303      00045     BANKSEL     TRISB
Message[302]: Register in operand not in bank 0.  Ensure that bank bits are correct.
001F   0186           00046     CLRF        TRISB
                      00047     ;CONFIGURAR O TIMER2
0020   1283 1303      00048     BANKSEL     T1CON
0022   3031           00049     MOVLW       B'00110001'     ;INICIALIZA TMR1, PRESCALLE 1:8 , CLK INTERNO 
0023   0090           00050     MOVWF       T1CON
0024   3000           00051     MOVLW       B'00000000'             ;INICIALIZA OS TIMER COM ESSES VALORES
0025   008E           00052     MOVWF       TMR1L           ;LSB
0026   3000           00053     MOVLW       B'00000000'             
0027   008F           00054     MOVWF       TMR1H           ;MSB
                      00055     
                      00056     ;CONFIGURAR INTERRUPÇÃO
0028   1683 1303      00057     BANKSEL PIE1
002A   30C0           00058     MOVLW   B'11000000'     ;INTERUPÇÃO DE PERIFÉRICOS
002B   008B           00059     MOVWF   INTCON
002C   3001           00060     MOVLW   B'00000001'     ;INTERUPÇÃO DO TIMER1
Message[302]: Register in operand not in bank 0.  Ensure that bank bits are correct.
002D   008C           00061     MOVWF   PIE1
                      00062     
                      00063     ;CONFIGURAR O POSCALLE
002E   3002           00064     MOVLW   D'2'
002F   00A1           00065     MOVWF   TEMP1
0030   3004           00066     MOVLW   D'4'
0031   00A2           00067     MOVWF   TEMP2
0032   3006           00068     MOVLW   D'6'
0033   00A3           00069     MOVWF   TEMP3
                      00070     
0034   1283 1303      00071     BANKSEL PORTB
Warning[207]: Found label after column 1. (LOOP)
0036                  00072     LOOP
0036   2???           00073     GOTO LOOP       ;GERA A INTERRUPÇÃO
                      00074  
                      00075     END
MPASM 5.77                    SEMAFAROEX.ASM   10-2-2023  22:48:51         PAGE  3


SYMBOL TABLE
  LABEL                             VALUE 

ADDEN                             00000003
ADEN                              00000003
BRGH                              00000002
C                                 00000000
C1INV                             00000004
C1OUT                             00000006
C2INV                             00000005
C2OUT                             00000007
CCP1CON                           00000017
CCP1IE                            00000002
CCP1IF                            00000002
CCP1M0                            00000000
CCP1M1                            00000001
CCP1M2                            00000002
CCP1M3                            00000003
CCP1X                             00000005
CCP1Y                             00000004
CCPR1                             00000015
CCPR1H                            00000016
CCPR1L                            00000015
CIS                               00000003
CM0                               00000000
CM1                               00000001
CM2                               00000002
CMCON                             0000001F
CMIE                              00000006
CMIF                              00000006
CREN                              00000004
CSRC                              00000007
DATA_CP_OFF                       00003FFF
DATA_CP_ON                        00003EFF
DC                                00000001
EEADR                             0000009B
EECON1                            0000009C
EECON2                            0000009D
EEDATA                            0000009A
EEIE                              00000007
EEIF                              00000007
F                                 00000001
FERR                              00000002
FSR                               00000004
GIE                               00000007
INDF                              00000000
INTCON                            0000000B
INTE                              00000004
INTEDG                            00000006
INTF                              00000001
IRP                               00000007
LOOP                              00000036
NOT_BO                            00000000
NOT_BOD                           00000000
NOT_BOR                           00000000
NOT_PD                            00000003
MPASM 5.77                    SEMAFAROEX.ASM   10-2-2023  22:48:51         PAGE  4


SYMBOL TABLE
  LABEL                             VALUE 

NOT_POR                           00000001
NOT_RBPU                          00000007
NOT_T1SYNC                        00000002
NOT_TO                            00000004
OERR                              00000001
OPTION_REG                        00000081
OSCF                              00000003
PCL                               00000002
PCLATH                            0000000A
PCON                              0000008E
PEIE                              00000006
PIE1                              0000008C
PIR1                              0000000C
PORTA                             00000005
PORTB                             00000006
PR2                               00000092
PS0                               00000000
PS1                               00000001
PS2                               00000002
PSA                               00000003
RA0                               00000000
RA1                               00000001
RA2                               00000002
RA3                               00000003
RA4                               00000004
RA5                               00000005
RA6                               00000006
RA7                               00000007
RB0                               00000000
RB1                               00000001
RB2                               00000002
RB3                               00000003
RB4                               00000004
RB5                               00000005
RB6                               00000006
RB7                               00000007
RBIE                              00000003
RBIF                              00000000
RCIE                              00000005
RCIF                              00000005
RCREG                             0000001A
RCSTA                             00000018
RD                                00000000
RP0                               00000005
RP1                               00000006
RX9                               00000006
RX9D                              00000000
SPBRG                             00000099
SPEN                              00000007
SREN                              00000005
START                             00000019
STATUS                            00000003
SYNC                              00000004
MPASM 5.77                    SEMAFAROEX.ASM   10-2-2023  22:48:51         PAGE  5


SYMBOL TABLE
  LABEL                             VALUE 

T0CS                              00000005
T0IE                              00000005
T0IF                              00000002
T0SE                              00000004
T1CKPS0                           00000004
T1CKPS1                           00000005
T1CON                             00000010
T1OSCEN                           00000003
T2CKPS0                           00000000
T2CKPS1                           00000001
T2CON                             00000012
TEMP1                             00000021
TEMP2                             00000022
TEMP3                             00000023
TEMPO                             00000020
TMR0                              00000001
TMR0IE                            00000005
TMR0IF                            00000002
TMR1                              0000000E
TMR1CS                            00000001
TMR1H                             0000000F
TMR1IE                            00000000
TMR1IF                            00000000
TMR1L                             0000000E
TMR1ON                            00000000
TMR2                              00000011
TMR2IE                            00000001
TMR2IF                            00000001
TMR2ON                            00000002
TOUTPS0                           00000003
TOUTPS1                           00000004
TOUTPS2                           00000005
TOUTPS3                           00000006
TRISA                             00000085
TRISA0                            00000000
TRISA1                            00000001
TRISA2                            00000002
TRISA3                            00000003
TRISA4                            00000004
TRISA5                            00000005
TRISA6                            00000006
TRISA7                            00000007
TRISB                             00000086
TRISB0                            00000000
TRISB1                            00000001
TRISB2                            00000002
TRISB3                            00000003
TRISB4                            00000004
TRISB5                            00000005
TRISB6                            00000006
TRISB7                            00000007
TRMT                              00000001
TX9                               00000006
MPASM 5.77                    SEMAFAROEX.ASM   10-2-2023  22:48:51         PAGE  6


SYMBOL TABLE
  LABEL                             VALUE 

TX9D                              00000000
TXEN                              00000005
TXIE                              00000004
TXIF                              00000004
TXREG                             00000019
TXSTA                             00000098
VR0                               00000000
VR1                               00000001
VR2                               00000002
VR3                               00000003
VRCON                             0000009F
VREN                              00000007
VROE                              00000006
VRR                               00000005
W                                 00000000
WR                                00000001
WREN                              00000002
WRERR                             00000003
Z                                 00000002
_BODEN_OFF                        00003FBF
_BODEN_ON                         00003FFF
_BOREN_OFF                        00003FBF
_BOREN_ON                         00003FFF
_CONFIG                           00002007
_CPD_OFF                          00003FFF
_CPD_ON                           00003EFF
_CP_OFF                           00003FFF
_CP_ON                            00001FFF
_DEVID1                           00002006
_ER_OSC_CLKOUT                    00003FFF
_ER_OSC_NOCLKOUT                  00003FFE
_EXTCLK_OSC                       00003FEF
_FOSC_ECIO                        00003FEF
_FOSC_EXTRCCLK                    00003FFF
_FOSC_EXTRCIO                     00003FFE
_FOSC_HS                          00003FEE
_FOSC_INTOSCCLK                   00003FFD
_FOSC_INTOSCIO                    00003FFC
_FOSC_LP                          00003FEC
_FOSC_XT                          00003FED
_HS_OSC                           00003FEE
_IDLOC0                           00002000
_IDLOC1                           00002001
_IDLOC2                           00002002
_IDLOC3                           00002003
_INTOSC_OSC_CLKOUT                00003FFD
_INTOSC_OSC_NOCLKOUT              00003FFC
_INTRC_OSC_CLKOUT                 00003FFD
_INTRC_OSC_NOCLKOUT               00003FFC
_LP_OSC                           00003FEC
_LVP_OFF                          00003F7F
_LVP_ON                           00003FFF
_MCLRE_OFF                        00003FDF
MPASM 5.77                    SEMAFAROEX.ASM   10-2-2023  22:48:51         PAGE  7


SYMBOL TABLE
  LABEL                             VALUE 

_MCLRE_ON                         00003FFF
_PWRTE_OFF                        00003FFF
_PWRTE_ON                         00003FF7
_RC_OSC_CLKOUT                    00003FFF
_RC_OSC_NOCLKOUT                  00003FFE
_WDTE_OFF                         00003FFB
_WDTE_ON                          00003FFF
_WDT_OFF                          00003FFB
_WDT_ON                           00003FFF
_XT_OSC                           00003FED
__16F628A                         00000001

Errors   :     0
Warnings :     6 reported,     0 suppressed
Messages :     2 reported,     0 suppressed

