MPASM 5.77                           TXT.ASM   10-1-2023  20:13:36         PAGE  1


LOC  OBJECT CODE     LINE SOURCE TEXT
  VALUE

                      00001 #INCLUDE<P16F628A.INC>
                      00001         LIST
                      00002 
                      00003 ;==========================================================================
                      00004 ; Build date : Nov 22 2017
                      00005 ;  MPASM PIC16F628A processor include
                      00006 ; 
                      00007 ;  (c) Copyright 1999-2017 Microchip Technology, All rights reserved
                      00008 ;==========================================================================
                      00009 
                      00386         LIST
                      00002     ORG 0X00
Warning[207]: Found label after column 1. (CONTA)
  00000020            00003     CONTA EQU 0X20
0000   2???           00004     GOTO START
                      00005     
                      00006     ORG 0X04
0004   1283 1303      00007     BANKSEL TXREG
0006   110B           00008     BCF     INTCON,2
0007   0BA0           00009     DECFSZ  CONTA,F
0008   0009           00010     RETFIE
0009   300F           00011     MOVLW   D'15'
000A   00A0           00012     MOVWF   CONTA
000B   3054           00013     MOVLW   'T'
000C   0099           00014     MOVWF   TXREG
000D   0009           00015     RETFIE
                      00016 
                      00017     
                      00018     
Warning[207]: Found label after column 1. (START)
000E                  00019     START
                      00020     ;ATIVAÇÃO DA INTERRUPÇÃO, TIMER0.
000E   1683 1303      00021     BANKSEL     PIE1
0010   3008           00022     MOVLW       B'0001000'
Message[302]: Register in operand not in bank 0.  Ensure that bank bits are correct.
0011   008C           00023     MOVWF       PIE1
0012   30E0           00024     MOVLW       B'11100000'
0013   008B           00025     MOVWF       INTCON
                      00026     ; CONFIGURANDO O TIMER0, E CONFIGURANDO O I/0 DE TRISB
0014   1683 1303      00027     BANKSEL     TRISB
0016   3087           00028     MOVLW       B'10000111'
Message[302]: Register in operand not in bank 0.  Ensure that bank bits are correct.
0017   0081           00029     MOVWF       OPTION_REG
Message[302]: Register in operand not in bank 0.  Ensure that bank bits are correct.
0018   0186           00030     CLRF        TRISB
0019   1283 1303      00031     BANKSEL     PORTB
001B   300F           00032     MOVLW       D'15'
001C   00A0           00033     MOVWF       CONTA
                      00034     ; CONFIGURANDO O ENVIO DE DADOS
001D   1283 1303      00035     BANKSEL RCSTA
001F   3080           00036     MOVLW   B'10000000'
0020   0098           00037     MOVWF   RCSTA
0021   1683 1303      00038     BANKSEL TXSTA
MPASM 5.77                           TXT.ASM   10-1-2023  20:13:36         PAGE  2


LOC  OBJECT CODE     LINE SOURCE TEXT
  VALUE

0023   3026           00039     MOVLW   B'00100110'
Message[302]: Register in operand not in bank 0.  Ensure that bank bits are correct.
0024   0098           00040     MOVWF   TXSTA
0025   3019           00041     MOVLW   D'25'
Message[302]: Register in operand not in bank 0.  Ensure that bank bits are correct.
0026   0099           00042     MOVWF   SPBRG
                      00043     
                      00044     
Warning[207]: Found label after column 1. (FIM)
0027                  00045     FIM 
0027   2???           00046     GOTO    FIM
                      00047     END
MPASM 5.77                           TXT.ASM   10-1-2023  20:13:36         PAGE  3


SYMBOL TABLE
  LABEL                             VALUE 

ADDEN                             00000003
ADEN                              00000003
BRGH                              00000002
C                                 00000000
C1INV                             00000004
C1OUT                             00000006
C2INV                             00000005
C2OUT                             00000007
CCP1CON                           00000017
CCP1IE                            00000002
CCP1IF                            00000002
CCP1M0                            00000000
CCP1M1                            00000001
CCP1M2                            00000002
CCP1M3                            00000003
CCP1X                             00000005
CCP1Y                             00000004
CCPR1                             00000015
CCPR1H                            00000016
CCPR1L                            00000015
CIS                               00000003
CM0                               00000000
CM1                               00000001
CM2                               00000002
CMCON                             0000001F
CMIE                              00000006
CMIF                              00000006
CONTA                             00000020
CREN                              00000004
CSRC                              00000007
DATA_CP_OFF                       00003FFF
DATA_CP_ON                        00003EFF
DC                                00000001
EEADR                             0000009B
EECON1                            0000009C
EECON2                            0000009D
EEDATA                            0000009A
EEIE                              00000007
EEIF                              00000007
F                                 00000001
FERR                              00000002
FIM                               00000027
FSR                               00000004
GIE                               00000007
INDF                              00000000
INTCON                            0000000B
INTE                              00000004
INTEDG                            00000006
INTF                              00000001
IRP                               00000007
NOT_BO                            00000000
NOT_BOD                           00000000
NOT_BOR                           00000000
MPASM 5.77                           TXT.ASM   10-1-2023  20:13:36         PAGE  4


SYMBOL TABLE
  LABEL                             VALUE 

NOT_PD                            00000003
NOT_POR                           00000001
NOT_RBPU                          00000007
NOT_T1SYNC                        00000002
NOT_TO                            00000004
OERR                              00000001
OPTION_REG                        00000081
OSCF                              00000003
PCL                               00000002
PCLATH                            0000000A
PCON                              0000008E
PEIE                              00000006
PIE1                              0000008C
PIR1                              0000000C
PORTA                             00000005
PORTB                             00000006
PR2                               00000092
PS0                               00000000
PS1                               00000001
PS2                               00000002
PSA                               00000003
RA0                               00000000
RA1                               00000001
RA2                               00000002
RA3                               00000003
RA4                               00000004
RA5                               00000005
RA6                               00000006
RA7                               00000007
RB0                               00000000
RB1                               00000001
RB2                               00000002
RB3                               00000003
RB4                               00000004
RB5                               00000005
RB6                               00000006
RB7                               00000007
RBIE                              00000003
RBIF                              00000000
RCIE                              00000005
RCIF                              00000005
RCREG                             0000001A
RCSTA                             00000018
RD                                00000000
RP0                               00000005
RP1                               00000006
RX9                               00000006
RX9D                              00000000
SPBRG                             00000099
SPEN                              00000007
SREN                              00000005
START                             0000000E
STATUS                            00000003
MPASM 5.77                           TXT.ASM   10-1-2023  20:13:36         PAGE  5


SYMBOL TABLE
  LABEL                             VALUE 

SYNC                              00000004
T0CS                              00000005
T0IE                              00000005
T0IF                              00000002
T0SE                              00000004
T1CKPS0                           00000004
T1CKPS1                           00000005
T1CON                             00000010
T1OSCEN                           00000003
T2CKPS0                           00000000
T2CKPS1                           00000001
T2CON                             00000012
TMR0                              00000001
TMR0IE                            00000005
TMR0IF                            00000002
TMR1                              0000000E
TMR1CS                            00000001
TMR1H                             0000000F
TMR1IE                            00000000
TMR1IF                            00000000
TMR1L                             0000000E
TMR1ON                            00000000
TMR2                              00000011
TMR2IE                            00000001
TMR2IF                            00000001
TMR2ON                            00000002
TOUTPS0                           00000003
TOUTPS1                           00000004
TOUTPS2                           00000005
TOUTPS3                           00000006
TRISA                             00000085
TRISA0                            00000000
TRISA1                            00000001
TRISA2                            00000002
TRISA3                            00000003
TRISA4                            00000004
TRISA5                            00000005
TRISA6                            00000006
TRISA7                            00000007
TRISB                             00000086
TRISB0                            00000000
TRISB1                            00000001
TRISB2                            00000002
TRISB3                            00000003
TRISB4                            00000004
TRISB5                            00000005
TRISB6                            00000006
TRISB7                            00000007
TRMT                              00000001
TX9                               00000006
TX9D                              00000000
TXEN                              00000005
TXIE                              00000004
MPASM 5.77                           TXT.ASM   10-1-2023  20:13:36         PAGE  6


SYMBOL TABLE
  LABEL                             VALUE 

TXIF                              00000004
TXREG                             00000019
TXSTA                             00000098
VR0                               00000000
VR1                               00000001
VR2                               00000002
VR3                               00000003
VRCON                             0000009F
VREN                              00000007
VROE                              00000006
VRR                               00000005
W                                 00000000
WR                                00000001
WREN                              00000002
WRERR                             00000003
Z                                 00000002
_BODEN_OFF                        00003FBF
_BODEN_ON                         00003FFF
_BOREN_OFF                        00003FBF
_BOREN_ON                         00003FFF
_CONFIG                           00002007
_CPD_OFF                          00003FFF
_CPD_ON                           00003EFF
_CP_OFF                           00003FFF
_CP_ON                            00001FFF
_DEVID1                           00002006
_ER_OSC_CLKOUT                    00003FFF
_ER_OSC_NOCLKOUT                  00003FFE
_EXTCLK_OSC                       00003FEF
_FOSC_ECIO                        00003FEF
_FOSC_EXTRCCLK                    00003FFF
_FOSC_EXTRCIO                     00003FFE
_FOSC_HS                          00003FEE
_FOSC_INTOSCCLK                   00003FFD
_FOSC_INTOSCIO                    00003FFC
_FOSC_LP                          00003FEC
_FOSC_XT                          00003FED
_HS_OSC                           00003FEE
_IDLOC0                           00002000
_IDLOC1                           00002001
_IDLOC2                           00002002
_IDLOC3                           00002003
_INTOSC_OSC_CLKOUT                00003FFD
_INTOSC_OSC_NOCLKOUT              00003FFC
_INTRC_OSC_CLKOUT                 00003FFD
_INTRC_OSC_NOCLKOUT               00003FFC
_LP_OSC                           00003FEC
_LVP_OFF                          00003F7F
_LVP_ON                           00003FFF
_MCLRE_OFF                        00003FDF
_MCLRE_ON                         00003FFF
_PWRTE_OFF                        00003FFF
_PWRTE_ON                         00003FF7
MPASM 5.77                           TXT.ASM   10-1-2023  20:13:36         PAGE  7


SYMBOL TABLE
  LABEL                             VALUE 

_RC_OSC_CLKOUT                    00003FFF
_RC_OSC_NOCLKOUT                  00003FFE
_WDTE_OFF                         00003FFB
_WDTE_ON                          00003FFF
_WDT_OFF                          00003FFB
_WDT_ON                           00003FFF
_XT_OSC                           00003FED
__16F628A                         00000001

Errors   :     0
Warnings :     3 reported,     0 suppressed
Messages :     5 reported,     0 suppressed

