Warning[205] C:\USERS\ENGEN\DOCUMENTS\1. IAGO\2. PROGRAMADOR\MICROPROCESSADORES\TERCEIRA PRATICA.X\LIGAR LED.ASM 4 : Found directive in column 1. (ORG)
Warning[203] C:\USERS\ENGEN\DOCUMENTS\1. IAGO\2. PROGRAMADOR\MICROPROCESSADORES\TERCEIRA PRATICA.X\LIGAR LED.ASM 5 : Found opcode in column 1. (GOTO)
Warning[205] C:\USERS\ENGEN\DOCUMENTS\1. IAGO\2. PROGRAMADOR\MICROPROCESSADORES\TERCEIRA PRATICA.X\LIGAR LED.ASM 6 : Found directive in column 1. (ORG)
Warning[203] C:\USERS\ENGEN\DOCUMENTS\1. IAGO\2. PROGRAMADOR\MICROPROCESSADORES\TERCEIRA PRATICA.X\LIGAR LED.ASM 7 : Found opcode in column 1. (RETFIE)
Warning[205] C:\USERS\ENGEN\DOCUMENTS\1. IAGO\2. PROGRAMADOR\MICROPROCESSADORES\TERCEIRA PRATICA.X\LIGAR LED.ASM 10 : Found directive in column 1. (BANKSEL)
Warning[203] C:\USERS\ENGEN\DOCUMENTS\1. IAGO\2. PROGRAMADOR\MICROPROCESSADORES\TERCEIRA PRATICA.X\LIGAR LED.ASM 11 : Found opcode in column 1. (movlw)
Warning[203] C:\USERS\ENGEN\DOCUMENTS\1. IAGO\2. PROGRAMADOR\MICROPROCESSADORES\TERCEIRA PRATICA.X\LIGAR LED.ASM 12 : Found opcode in column 1. (movwf)
Warning[205] C:\USERS\ENGEN\DOCUMENTS\1. IAGO\2. PROGRAMADOR\MICROPROCESSADORES\TERCEIRA PRATICA.X\LIGAR LED.ASM 13 : Found directive in column 1. (BANKSEL)
Warning[203] C:\USERS\ENGEN\DOCUMENTS\1. IAGO\2. PROGRAMADOR\MICROPROCESSADORES\TERCEIRA PRATICA.X\LIGAR LED.ASM 14 : Found opcode in column 1. (movlw)
Warning[203] C:\USERS\ENGEN\DOCUMENTS\1. IAGO\2. PROGRAMADOR\MICROPROCESSADORES\TERCEIRA PRATICA.X\LIGAR LED.ASM 15 : Found opcode in column 1. (movwf)
Message[302] C:\USERS\ENGEN\DOCUMENTS\1. IAGO\2. PROGRAMADOR\MICROPROCESSADORES\TERCEIRA PRATICA.X\LIGAR LED.ASM 15 : Register in operand not in bank 0.  Ensure that bank bits are correct.
Warning[203] C:\USERS\ENGEN\DOCUMENTS\1. IAGO\2. PROGRAMADOR\MICROPROCESSADORES\TERCEIRA PRATICA.X\LIGAR LED.ASM 16 : Found opcode in column 1. (movlw)
Warning[203] C:\USERS\ENGEN\DOCUMENTS\1. IAGO\2. PROGRAMADOR\MICROPROCESSADORES\TERCEIRA PRATICA.X\LIGAR LED.ASM 17 : Found opcode in column 1. (MOVWF)
Message[302] C:\USERS\ENGEN\DOCUMENTS\1. IAGO\2. PROGRAMADOR\MICROPROCESSADORES\TERCEIRA PRATICA.X\LIGAR LED.ASM 17 : Register in operand not in bank 0.  Ensure that bank bits are correct.
Warning[203] C:\USERS\ENGEN\DOCUMENTS\1. IAGO\2. PROGRAMADOR\MICROPROCESSADORES\TERCEIRA PRATICA.X\LIGAR LED.ASM 23 : Found opcode in column 1. (BCF)
Warning[203] C:\USERS\ENGEN\DOCUMENTS\1. IAGO\2. PROGRAMADOR\MICROPROCESSADORES\TERCEIRA PRATICA.X\LIGAR LED.ASM 27 : Found opcode in column 1. (BTFSS)
Warning[203] C:\USERS\ENGEN\DOCUMENTS\1. IAGO\2. PROGRAMADOR\MICROPROCESSADORES\TERCEIRA PRATICA.X\LIGAR LED.ASM 28 : Found opcode in column 1. (GOTO)
Warning[203] C:\USERS\ENGEN\DOCUMENTS\1. IAGO\2. PROGRAMADOR\MICROPROCESSADORES\TERCEIRA PRATICA.X\LIGAR LED.ASM 29 : Found opcode in column 1. (GOTO)
Warning[203] C:\USERS\ENGEN\DOCUMENTS\1. IAGO\2. PROGRAMADOR\MICROPROCESSADORES\TERCEIRA PRATICA.X\LIGAR LED.ASM 32 : Found opcode in column 1. (MOVLW)
Warning[203] C:\USERS\ENGEN\DOCUMENTS\1. IAGO\2. PROGRAMADOR\MICROPROCESSADORES\TERCEIRA PRATICA.X\LIGAR LED.ASM 33 : Found opcode in column 1. (MOVWF)
Message[302] C:\USERS\ENGEN\DOCUMENTS\1. IAGO\2. PROGRAMADOR\MICROPROCESSADORES\TERCEIRA PRATICA.X\LIGAR LED.ASM 33 : Register in operand not in bank 0.  Ensure that bank bits are correct.
Warning[203] C:\USERS\ENGEN\DOCUMENTS\1. IAGO\2. PROGRAMADOR\MICROPROCESSADORES\TERCEIRA PRATICA.X\LIGAR LED.ASM 34 : Found opcode in column 1. (GOTO)
Warning[203] C:\USERS\ENGEN\DOCUMENTS\1. IAGO\2. PROGRAMADOR\MICROPROCESSADORES\TERCEIRA PRATICA.X\LIGAR LED.ASM 37 : Found opcode in column 1. (MOVLW)
Warning[203] C:\USERS\ENGEN\DOCUMENTS\1. IAGO\2. PROGRAMADOR\MICROPROCESSADORES\TERCEIRA PRATICA.X\LIGAR LED.ASM 38 : Found opcode in column 1. (MOVWF)
Message[302] C:\USERS\ENGEN\DOCUMENTS\1. IAGO\2. PROGRAMADOR\MICROPROCESSADORES\TERCEIRA PRATICA.X\LIGAR LED.ASM 38 : Register in operand not in bank 0.  Ensure that bank bits are correct.
Warning[203] C:\USERS\ENGEN\DOCUMENTS\1. IAGO\2. PROGRAMADOR\MICROPROCESSADORES\TERCEIRA PRATICA.X\LIGAR LED.ASM 39 : Found opcode in column 1. (GOTO)
Warning[205] C:\USERS\ENGEN\DOCUMENTS\1. IAGO\2. PROGRAMADOR\MICROPROCESSADORES\TERCEIRA PRATICA.X\LIGAR LED.ASM 42 : Found directive in column 1. (END)
